<?xml version="1.0" encoding="UTF-8"?>
<!-- Generated by org.testng.reporters.JUnitReportReporter -->
<testsuite hostname="ndi-lap-843" failures="0" tests="2" name="qatest.maven.testcases.HomepageTest" time="19.343" errors="0" timestamp="2020-03-18T12:32:02 IST" skipped="0">
  <testcase classname="qatest.maven.testcases.HomepageTest" name="verifyTitle" time="0.492"/>
  <system-out/>
  <testcase classname="qatest.maven.testcases.HomepageTest" name="verifyLoginFunctionality" time="18.851"/>
  <system-out/>
</testsuite> <!-- qatest.maven.testcases.HomepageTest -->
